Analysis & Synthesis report for Lab_6_board_block
Tue Feb 22 11:23:23 2022
Quartus Prime Version 20.1.1 Build 720 11/11/2020 SJ Lite Edition


---------------------
; Table of Contents ;
---------------------
  1. Legal Notice
  2. Analysis & Synthesis Summary
  3. Analysis & Synthesis Settings
  4. Parallel Compilation
  5. Analysis & Synthesis Source Files Read
  6. Analysis & Synthesis Resource Usage Summary
  7. Analysis & Synthesis Resource Utilization by Entity
  8. State Machine - |Lab_6_board_block|Lab_6_board:inst|pr_state
  9. General Register Statistics
 10. Parameter Settings for User Entity Instance: clock_divider:inst2
 11. Post-Synthesis Netlist Statistics for Top Partition
 12. Elapsed Time Per Partition
 13. Analysis & Synthesis Messages



----------------
; Legal Notice ;
----------------
Copyright (C) 2020  Intel Corporation. All rights reserved.
Your use of Intel Corporation's design tools, logic functions 
and other software and tools, and any partner logic 
functions, and any output files from any of the foregoing 
(including device programming or simulation files), and any 
associated documentation or information are expressly subject 
to the terms and conditions of the Intel Program License 
Subscription Agreement, the Intel Quartus Prime License Agreement,
the Intel FPGA IP License Agreement, or other applicable license
agreement, including, without limitation, that your use is for
the sole purpose of programming logic devices manufactured by
Intel and sold by Intel or its authorized distributors.  Please
refer to the applicable agreement for further details, at
https://fpgasoftware.intel.com/eula.



+-------------------------------------------------------------------------------+
; Analysis & Synthesis Summary                                                  ;
+---------------------------------+---------------------------------------------+
; Analysis & Synthesis Status     ; Successful - Tue Feb 22 11:23:23 2022       ;
; Quartus Prime Version           ; 20.1.1 Build 720 11/11/2020 SJ Lite Edition ;
; Revision Name                   ; Lab_6_board_block                           ;
; Top-level Entity Name           ; Lab_6_board_block                           ;
; Family                          ; Cyclone V                                   ;
; Logic utilization (in ALMs)     ; N/A                                         ;
; Total registers                 ; 33                                          ;
; Total pins                      ; 23                                          ;
; Total virtual pins              ; 0                                           ;
; Total block memory bits         ; 0                                           ;
; Total DSP Blocks                ; 0                                           ;
; Total HSSI RX PCSs              ; 0                                           ;
; Total HSSI PMA RX Deserializers ; 0                                           ;
; Total HSSI TX PCSs              ; 0                                           ;
; Total HSSI PMA TX Serializers   ; 0                                           ;
; Total PLLs                      ; 0                                           ;
; Total DLLs                      ; 0                                           ;
+---------------------------------+---------------------------------------------+


+---------------------------------------------------------------------------------------------------------------------------+
; Analysis & Synthesis Settings                                                                                             ;
+---------------------------------------------------------------------------------+--------------------+--------------------+
; Option                                                                          ; Setting            ; Default Value      ;
+---------------------------------------------------------------------------------+--------------------+--------------------+
; Device                                                                          ; 5CSEMA5F31C6       ;                    ;
; Top-level entity name                                                           ; Lab_6_board_block  ; Lab_6_board_block  ;
; Family name                                                                     ; Cyclone V          ; Cyclone V          ;
; Use smart compilation                                                           ; Off                ; Off                ;
; Enable parallel Assembler and Timing Analyzer during compilation                ; On                 ; On                 ;
; Enable compact report table                                                     ; Off                ; Off                ;
; Restructure Multiplexers                                                        ; Auto               ; Auto               ;
; MLAB Add Timing Constraints For Mixed-Port Feed-Through Mode Setting Don't Care ; Off                ; Off                ;
; Create Debugging Nodes for IP Cores                                             ; Off                ; Off                ;
; Preserve fewer node names                                                       ; On                 ; On                 ;
; Intel FPGA IP Evaluation Mode                                                   ; Enable             ; Enable             ;
; Verilog Version                                                                 ; Verilog_2001       ; Verilog_2001       ;
; VHDL Version                                                                    ; VHDL_1993          ; VHDL_1993          ;
; State Machine Processing                                                        ; Auto               ; Auto               ;
; Safe State Machine                                                              ; Off                ; Off                ;
; Extract Verilog State Machines                                                  ; On                 ; On                 ;
; Extract VHDL State Machines                                                     ; On                 ; On                 ;
; Ignore Verilog initial constructs                                               ; Off                ; Off                ;
; Iteration limit for constant Verilog loops                                      ; 5000               ; 5000               ;
; Iteration limit for non-constant Verilog loops                                  ; 250                ; 250                ;
; Add Pass-Through Logic to Inferred RAMs                                         ; On                 ; On                 ;
; Infer RAMs from Raw Logic                                                       ; On                 ; On                 ;
; Parallel Synthesis                                                              ; On                 ; On                 ;
; DSP Block Balancing                                                             ; Auto               ; Auto               ;
; NOT Gate Push-Back                                                              ; On                 ; On                 ;
; Power-Up Don't Care                                                             ; On                 ; On                 ;
; Remove Redundant Logic Cells                                                    ; Off                ; Off                ;
; Remove Duplicate Registers                                                      ; On                 ; On                 ;
; Ignore CARRY Buffers                                                            ; Off                ; Off                ;
; Ignore CASCADE Buffers                                                          ; Off                ; Off                ;
; Ignore GLOBAL Buffers                                                           ; Off                ; Off                ;
; Ignore ROW GLOBAL Buffers                                                       ; Off                ; Off                ;
; Ignore LCELL Buffers                                                            ; Off                ; Off                ;
; Ignore SOFT Buffers                                                             ; On                 ; On                 ;
; Limit AHDL Integers to 32 Bits                                                  ; Off                ; Off                ;
; Optimization Technique                                                          ; Balanced           ; Balanced           ;
; Carry Chain Length                                                              ; 70                 ; 70                 ;
; Auto Carry Chains                                                               ; On                 ; On                 ;
; Auto Open-Drain Pins                                                            ; On                 ; On                 ;
; Perform WYSIWYG Primitive Resynthesis                                           ; Off                ; Off                ;
; Auto ROM Replacement                                                            ; On                 ; On                 ;
; Auto RAM Replacement                                                            ; On                 ; On                 ;
; Auto DSP Block Replacement                                                      ; On                 ; On                 ;
; Auto Shift Register Replacement                                                 ; Auto               ; Auto               ;
; Allow Shift Register Merging across Hierarchies                                 ; Auto               ; Auto               ;
; Auto Clock Enable Replacement                                                   ; On                 ; On                 ;
; Strict RAM Replacement                                                          ; Off                ; Off                ;
; Allow Synchronous Control Signals                                               ; On                 ; On                 ;
; Force Use of Synchronous Clear Signals                                          ; Off                ; Off                ;
; Auto Resource Sharing                                                           ; Off                ; Off                ;
; Allow Any RAM Size For Recognition                                              ; Off                ; Off                ;
; Allow Any ROM Size For Recognition                                              ; Off                ; Off                ;
; Allow Any Shift Register Size For Recognition                                   ; Off                ; Off                ;
; Use LogicLock Constraints during Resource Balancing                             ; On                 ; On                 ;
; Ignore translate_off and synthesis_off directives                               ; Off                ; Off                ;
; Timing-Driven Synthesis                                                         ; On                 ; On                 ;
; Report Parameter Settings                                                       ; On                 ; On                 ;
; Report Source Assignments                                                       ; On                 ; On                 ;
; Report Connectivity Checks                                                      ; On                 ; On                 ;
; Ignore Maximum Fan-Out Assignments                                              ; Off                ; Off                ;
; Synchronization Register Chain Length                                           ; 3                  ; 3                  ;
; Power Optimization During Synthesis                                             ; Normal compilation ; Normal compilation ;
; HDL message level                                                               ; Level2             ; Level2             ;
; Suppress Register Optimization Related Messages                                 ; Off                ; Off                ;
; Number of Removed Registers Reported in Synthesis Report                        ; 5000               ; 5000               ;
; Number of Swept Nodes Reported in Synthesis Report                              ; 5000               ; 5000               ;
; Number of Inverted Registers Reported in Synthesis Report                       ; 100                ; 100                ;
; Clock MUX Protection                                                            ; On                 ; On                 ;
; Auto Gated Clock Conversion                                                     ; Off                ; Off                ;
; Block Design Naming                                                             ; Auto               ; Auto               ;
; SDC constraint protection                                                       ; Off                ; Off                ;
; Synthesis Effort                                                                ; Auto               ; Auto               ;
; Shift Register Replacement - Allow Asynchronous Clear Signal                    ; On                 ; On                 ;
; Pre-Mapping Resynthesis Optimization                                            ; Off                ; Off                ;
; Analysis & Synthesis Message Level                                              ; Medium             ; Medium             ;
; Disable Register Merging Across Hierarchies                                     ; Auto               ; Auto               ;
; Resource Aware Inference For Block RAM                                          ; On                 ; On                 ;
; Automatic Parallel Synthesis                                                    ; On                 ; On                 ;
; Partial Reconfiguration Bitstream ID                                            ; Off                ; Off                ;
+---------------------------------------------------------------------------------+--------------------+--------------------+


+------------------------------------------+
; Parallel Compilation                     ;
+----------------------------+-------------+
; Processors                 ; Number      ;
+----------------------------+-------------+
; Number detected on machine ; 16          ;
; Maximum allowed            ; 8           ;
;                            ;             ;
; Average used               ; 1.00        ;
; Maximum used               ; 8           ;
;                            ;             ;
; Usage by Processor         ; % Time Used ;
;     Processor 1            ; 100.0%      ;
;     Processors 2-8         ;   0.0%      ;
+----------------------------+-------------+


+----------------------------------------------------------------------------------------------------------------------------------------------------------------------------------------------------------+
; Analysis & Synthesis Source Files Read                                                                                                                                                                   ;
+----------------------------------+-----------------+------------------------------------+------------------------------------------------------------------------------------------------------+---------+
; File Name with User-Entered Path ; Used in Netlist ; File Type                          ; File Name with Absolute Path                                                                         ; Library ;
+----------------------------------+-----------------+------------------------------------+------------------------------------------------------------------------------------------------------+---------+
; ../clock_divider.vhd             ; yes             ; User VHDL File                     ; C:/Users/lnguyen5/OneDrive - Seattle University/Desktop/2210/Lab 6 board/clock_divider.vhd           ;         ;
; ../sevenseg_disp.vhd             ; yes             ; User VHDL File                     ; C:/Users/lnguyen5/OneDrive - Seattle University/Desktop/2210/Lab 6 board/sevenseg_disp.vhd           ;         ;
; ../Lab_6_board.vhd               ; yes             ; User VHDL File                     ; C:/Users/lnguyen5/OneDrive - Seattle University/Desktop/2210/Lab 6 board/Lab_6_board.vhd             ;         ;
; Lab_6_board_block.bdf            ; yes             ; User Block Diagram/Schematic File  ; C:/Users/lnguyen5/OneDrive - Seattle University/Desktop/2210/Lab 6 board/block/Lab_6_board_block.bdf ;         ;
+----------------------------------+-----------------+------------------------------------+------------------------------------------------------------------------------------------------------+---------+


+----------------------------------------------------------------------------+
; Analysis & Synthesis Resource Usage Summary                                ;
+---------------------------------------------+------------------------------+
; Resource                                    ; Usage                        ;
+---------------------------------------------+------------------------------+
; Estimate of Logic utilization (ALMs needed) ; 21                           ;
;                                             ;                              ;
; Combinational ALUT usage for logic          ; 36                           ;
;     -- 7 input functions                    ; 0                            ;
;     -- 6 input functions                    ; 4                            ;
;     -- 5 input functions                    ; 1                            ;
;     -- 4 input functions                    ; 0                            ;
;     -- <=3 input functions                  ; 31                           ;
;                                             ;                              ;
; Dedicated logic registers                   ; 33                           ;
;                                             ;                              ;
; I/O pins                                    ; 23                           ;
;                                             ;                              ;
; Total DSP Blocks                            ; 0                            ;
;                                             ;                              ;
; Maximum fan-out node                        ; clock_divider:inst2|Equal0~4 ;
; Maximum fan-out                             ; 27                           ;
; Total fan-out                               ; 224                          ;
; Average fan-out                             ; 1.95                         ;
+---------------------------------------------+------------------------------+


+-----------------------------------------------------------------------------------------------------------------------------------------------------------------------------------------------------------------+
; Analysis & Synthesis Resource Utilization by Entity                                                                                                                                                             ;
+----------------------------+---------------------+---------------------------+-------------------+------------+------+--------------+----------------------------------------+-------------------+--------------+
; Compilation Hierarchy Node ; Combinational ALUTs ; Dedicated Logic Registers ; Block Memory Bits ; DSP Blocks ; Pins ; Virtual Pins ; Full Hierarchy Name                    ; Entity Name       ; Library Name ;
+----------------------------+---------------------+---------------------------+-------------------+------------+------+--------------+----------------------------------------+-------------------+--------------+
; |Lab_6_board_block         ; 36 (0)              ; 33 (0)                    ; 0                 ; 0          ; 23   ; 0            ; |Lab_6_board_block                     ; Lab_6_board_block ; work         ;
;    |Lab_6_board:inst|      ; 5 (5)               ; 6 (6)                     ; 0                 ; 0          ; 0    ; 0            ; |Lab_6_board_block|Lab_6_board:inst    ; Lab_6_board       ; work         ;
;    |clock_divider:inst2|   ; 31 (31)             ; 27 (27)                   ; 0                 ; 0          ; 0    ; 0            ; |Lab_6_board_block|clock_divider:inst2 ; clock_divider     ; work         ;
+----------------------------+---------------------+---------------------------+-------------------+------------+------+--------------+----------------------------------------+-------------------+--------------+
Note: For table entries with two numbers listed, the numbers in parentheses indicate the number of resources of the given type used by the specific entity alone. The numbers listed outside of parentheses indicate the total resources of the given type used by the specific entity and all of its sub-entities in the hierarchy.


Encoding Type:  One-Hot
+-------------------------------------------------------------------------------------------------+
; State Machine - |Lab_6_board_block|Lab_6_board:inst|pr_state                                    ;
+-------------+-------------+-------------+-------------+-------------+-------------+-------------+
; Name        ; pr_state.s5 ; pr_state.s4 ; pr_state.s3 ; pr_state.s2 ; pr_state.s1 ; pr_state.s0 ;
+-------------+-------------+-------------+-------------+-------------+-------------+-------------+
; pr_state.s0 ; 0           ; 0           ; 0           ; 0           ; 0           ; 0           ;
; pr_state.s1 ; 0           ; 0           ; 0           ; 0           ; 1           ; 1           ;
; pr_state.s2 ; 0           ; 0           ; 0           ; 1           ; 0           ; 1           ;
; pr_state.s3 ; 0           ; 0           ; 1           ; 0           ; 0           ; 1           ;
; pr_state.s4 ; 0           ; 1           ; 0           ; 0           ; 0           ; 1           ;
; pr_state.s5 ; 1           ; 0           ; 0           ; 0           ; 0           ; 1           ;
+-------------+-------------+-------------+-------------+-------------+-------------+-------------+


+------------------------------------------------------+
; General Register Statistics                          ;
+----------------------------------------------+-------+
; Statistic                                    ; Value ;
+----------------------------------------------+-------+
; Total registers                              ; 33    ;
; Number of registers using Synchronous Clear  ; 25    ;
; Number of registers using Synchronous Load   ; 0     ;
; Number of registers using Asynchronous Clear ; 6     ;
; Number of registers using Asynchronous Load  ; 0     ;
; Number of registers using Clock Enable       ; 2     ;
; Number of registers using Preset             ; 0     ;
+----------------------------------------------+-------+


+------------------------------------------------------------------+
; Parameter Settings for User Entity Instance: clock_divider:inst2 ;
+----------------+----------+--------------------------------------+
; Parameter Name ; Value    ; Type                                 ;
+----------------+----------+--------------------------------------+
; n              ; 20000000 ; Signed Integer                       ;
+----------------+----------+--------------------------------------+
Note: In order to hide this table in the UI and the text report file, please set the "Show Parameter Settings in Synthesis Report" option in "Analysis and Synthesis Settings -> More Settings" to "Off".


+-----------------------------------------------------+
; Post-Synthesis Netlist Statistics for Top Partition ;
+-----------------------+-----------------------------+
; Type                  ; Count                       ;
+-----------------------+-----------------------------+
; arriav_ff             ; 33                          ;
;     CLR               ; 6                           ;
;     ENA               ; 2                           ;
;     SCLR              ; 25                          ;
; arriav_lcell_comb     ; 41                          ;
;     arith             ; 25                          ;
;         1 data inputs ; 25                          ;
;     normal            ; 16                          ;
;         0 data inputs ; 2                           ;
;         1 data inputs ; 6                           ;
;         3 data inputs ; 3                           ;
;         5 data inputs ; 1                           ;
;         6 data inputs ; 4                           ;
; boundary_port         ; 23                          ;
;                       ;                             ;
; Max LUT depth         ; 3.40                        ;
; Average LUT depth     ; 2.32                        ;
+-----------------------+-----------------------------+


+-------------------------------+
; Elapsed Time Per Partition    ;
+----------------+--------------+
; Partition Name ; Elapsed Time ;
+----------------+--------------+
; Top            ; 00:00:00     ;
+----------------+--------------+


+-------------------------------+
; Analysis & Synthesis Messages ;
+-------------------------------+
Info: *******************************************************************
Info: Running Quartus Prime Analysis & Synthesis
    Info: Version 20.1.1 Build 720 11/11/2020 SJ Lite Edition
    Info: Processing started: Tue Feb 22 11:23:16 2022
Info: Command: quartus_map --read_settings_files=on --write_settings_files=off Lab_6_board_block -c Lab_6_board_block
Warning (18236): Number of processors has not been specified which may cause overloading on shared machines.  Set the global assignment NUM_PARALLEL_PROCESSORS in your QSF to an appropriate value for best performance.
Info (20030): Parallel compilation is enabled and will use 8 of the 8 processors detected
Info (12021): Found 2 design units, including 1 entities, in source file /users/lnguyen5/onedrive - seattle university/desktop/2210/lab 6 board/clock_divider.vhd
    Info (12022): Found design unit 1: clock_divider-RTL File: C:/Users/lnguyen5/OneDrive - Seattle University/Desktop/2210/Lab 6 board/clock_divider.vhd Line: 10
    Info (12023): Found entity 1: clock_divider File: C:/Users/lnguyen5/OneDrive - Seattle University/Desktop/2210/Lab 6 board/clock_divider.vhd Line: 4
Info (12021): Found 2 design units, including 1 entities, in source file /users/lnguyen5/onedrive - seattle university/desktop/2210/lab 6 board/sevenseg_disp.vhd
    Info (12022): Found design unit 1: sevenseg_disp-encoding File: C:/Users/lnguyen5/OneDrive - Seattle University/Desktop/2210/Lab 6 board/sevenseg_disp.vhd Line: 18
    Info (12023): Found entity 1: sevenseg_disp File: C:/Users/lnguyen5/OneDrive - Seattle University/Desktop/2210/Lab 6 board/sevenseg_disp.vhd Line: 12
Info (12021): Found 2 design units, including 1 entities, in source file /users/lnguyen5/onedrive - seattle university/desktop/2210/lab 6 board/lab_6_board.vhd
    Info (12022): Found design unit 1: Lab_6_board-JohnCount File: C:/Users/lnguyen5/OneDrive - Seattle University/Desktop/2210/Lab 6 board/Lab_6_board.vhd Line: 10
    Info (12023): Found entity 1: Lab_6_board File: C:/Users/lnguyen5/OneDrive - Seattle University/Desktop/2210/Lab 6 board/Lab_6_board.vhd Line: 5
Info (12021): Found 1 design units, including 1 entities, in source file lab_6_board_block.bdf
    Info (12023): Found entity 1: Lab_6_board_block
Info (12127): Elaborating entity "Lab_6_board_block" for the top level hierarchy
Info (12128): Elaborating entity "sevenseg_disp" for hierarchy "sevenseg_disp:inst3"
Info (12128): Elaborating entity "Lab_6_board" for hierarchy "Lab_6_board:inst"
Info (12128): Elaborating entity "clock_divider" for hierarchy "clock_divider:inst2"
Warning (13024): Output pins are stuck at VCC or GND
    Warning (13410): Pin "out2_1" is stuck at GND
    Warning (13410): Pin "out2_2" is stuck at GND
    Warning (13410): Pin "out2_6" is stuck at VCC
    Warning (13410): Pin "out1_1" is stuck at GND
    Warning (13410): Pin "out1_2" is stuck at GND
    Warning (13410): Pin "out1_6" is stuck at VCC
    Warning (13410): Pin "out0_1" is stuck at GND
    Warning (13410): Pin "out0_2" is stuck at GND
    Warning (13410): Pin "out0_6" is stuck at VCC
Info (286030): Timing-Driven Synthesis is running
Info (16010): Generating hard_block partition "hard_block:auto_generated_inst"
    Info (16011): Adding 0 node(s), including 0 DDIO, 0 PLL, 0 transceiver and 0 LCELL
Info (21057): Implemented 64 device resources after synthesis - the final resource count might be different
    Info (21058): Implemented 2 input pins
    Info (21059): Implemented 21 output pins
    Info (21061): Implemented 41 logic cells
Info: Quartus Prime Analysis & Synthesis was successful. 0 errors, 11 warnings
    Info: Peak virtual memory: 4884 megabytes
    Info: Processing ended: Tue Feb 22 11:23:23 2022
    Info: Elapsed time: 00:00:07
    Info: Total CPU time (on all processors): 00:00:17


